<?xml version="1.0" encoding="UTF-8"?>
<!-- Generated by org.testng.reporters.JUnitReportReporter -->
<testsuite skipped="0" hostname="MARK-HP" name="tests.ValidateBBPages_TEST_TestNG_Chrome" tests="1" failures="0" timestamp="15 Oct 2020 00:54:09 GMT" time="22.067" errors="0">
  <testcase name="ValidateBBPages" time="22.067" classname="tests.ValidateBBPages_TEST_TestNG_Chrome"/>
</testsuite> <!-- tests.ValidateBBPages_TEST_TestNG_Chrome -->
