<?xml version="1.0" encoding="UTF-8"?>
<!-- Generated by org.testng.reporters.JUnitReportReporter -->
<testsuite skipped="0" hostname="MARK-HP" name="tests.LoginCRM" tests="1" failures="0" timestamp="14 Oct 2020 18:09:52 GMT" time="13.084" errors="0">
  <testcase name="loginApp" time="13.084" classname="tests.LoginCRM"/>
</testsuite> <!-- tests.LoginCRM -->
