<?xml version="1.0" encoding="UTF-8"?>
<!-- Generated by org.testng.reporters.JUnitReportReporter -->
<testsuite skipped="0" hostname="MARK-HP" name="tests.ValidateBBPages_TEST_TestNG_Chrome" tests="1" failures="0" timestamp="14 Oct 2020 18:12:01 GMT" time="31.674" errors="0">
  <testcase name="ValidateBBPages" time="31.674" classname="tests.ValidateBBPages_TEST_TestNG_Chrome"/>
</testsuite> <!-- tests.ValidateBBPages_TEST_TestNG_Chrome -->
